This file contains any messages produced by compilers while
running configure, to aid debugging if configure makes a mistake.

It was created by configure, which was
generated by GNU Autoconf 2.69.  Invocation command line was

  $ ./configure --with-php-config=/opt/php5/bin/php-config --enable-debug

## --------- ##
## Platform. ##
## --------- ##

hostname = localhost.localdomain
uname -m = x86_64
uname -r = 3.19.7-200.fc21.x86_64
uname -s = Linux
uname -v = #1 SMP Thu May 7 22:00:21 UTC 2015

/usr/bin/uname -p = x86_64
/bin/uname -X     = unknown

/bin/arch              = x86_64
/usr/bin/arch -k       = unknown
/usr/convex/getsysinfo = unknown
/usr/bin/hostinfo      = unknown
/bin/machine           = unknown
/usr/bin/oslevel       = unknown
/bin/universe          = unknown

PATH: /usr/lib64/qt-3.3/bin
PATH: /usr/local/bin
PATH: /usr/local/sbin
PATH: /usr/bin
PATH: /usr/sbin
PATH: /bin
PATH: /sbin
PATH: /root/bin


## ----------- ##
## Core tests. ##
## ----------- ##

configure:2297: checking for grep that handles long lines and -e
configure:2355: result: /usr/bin/grep
configure:2360: checking for egrep
configure:2422: result: /usr/bin/grep -E
configure:2427: checking for a sed that does not truncate output
configure:2481: result: /usr/bin/sed
configure:2613: checking for cc
configure:2629: found /usr/bin/cc
configure:2640: result: cc
configure:2671: checking for C compiler version
configure:2680: cc --version >&5
cc (GCC) 4.9.2 20150212 (Red Hat 4.9.2-6)
Copyright (C) 2014 Free Software Foundation, Inc.
This is free software; see the source for copying conditions.  There is NO
warranty; not even for MERCHANTABILITY or FITNESS FOR A PARTICULAR PURPOSE.

configure:2691: $? = 0
configure:2680: cc -v >&5
Using built-in specs.
COLLECT_GCC=cc
COLLECT_LTO_WRAPPER=/usr/libexec/gcc/x86_64-redhat-linux/4.9.2/lto-wrapper
Target: x86_64-redhat-linux
Configured with: ../configure --prefix=/usr --mandir=/usr/share/man --infodir=/usr/share/info --with-bugurl=http://bugzilla.redhat.com/bugzilla --enable-bootstrap --enable-shared --enable-threads=posix --enable-checking=release --enable-multilib --with-system-zlib --enable-__cxa_atexit --disable-libunwind-exceptions --enable-gnu-unique-object --enable-linker-build-id --with-linker-hash-style=gnu --enable-languages=c,c++,objc,obj-c++,fortran,ada,go,lto --enable-plugin --enable-initfini-array --disable-libgcj --with-isl=/builddir/build/BUILD/gcc-4.9.2-20150212/obj-x86_64-redhat-linux/isl-install --with-cloog=/builddir/build/BUILD/gcc-4.9.2-20150212/obj-x86_64-redhat-linux/cloog-install --enable-gnu-indirect-function --with-tune=generic --with-arch_32=i686 --build=x86_64-redhat-linux
Thread model: posix
gcc version 4.9.2 20150212 (Red Hat 4.9.2-6) (GCC) 
configure:2691: $? = 0
configure:2680: cc -V >&5
cc: error: unrecognized command line option '-V'
cc: fatal error: no input files
compilation terminated.
configure:2691: $? = 4
configure:2680: cc -qversion >&5
cc: error: unrecognized command line option '-qversion'
cc: fatal error: no input files
compilation terminated.
configure:2691: $? = 4
configure:2711: checking whether the C compiler works
configure:2733: cc    conftest.c  >&5
configure:2737: $? = 0
configure:2785: result: yes
configure:2788: checking for C compiler default output file name
configure:2790: result: a.out
configure:2796: checking for suffix of executables
configure:2803: cc -o conftest    conftest.c  >&5
configure:2807: $? = 0
configure:2829: result: 
configure:2851: checking whether we are cross compiling
configure:2859: cc -o conftest    conftest.c  >&5
configure:2863: $? = 0
configure:2870: ./conftest
configure:2874: $? = 0
configure:2889: result: no
configure:2894: checking for suffix of object files
configure:2916: cc -c   conftest.c >&5
configure:2920: $? = 0
configure:2941: result: o
configure:2945: checking whether we are using the GNU C compiler
configure:2964: cc -c   conftest.c >&5
configure:2964: $? = 0
configure:2973: result: yes
configure:2982: checking whether cc accepts -g
configure:3002: cc -c -g  conftest.c >&5
configure:3002: $? = 0
configure:3043: result: yes
configure:3060: checking for cc option to accept ISO C89
configure:3123: cc  -c -g -O2  conftest.c >&5
configure:3123: $? = 0
configure:3136: result: none needed
configure:3162: checking how to run the C preprocessor
configure:3193: cc -E  conftest.c
configure:3193: $? = 0
configure:3207: cc -E  conftest.c
conftest.c:9:28: fatal error: ac_nonexistent.h: No such file or directory
 #include <ac_nonexistent.h>
                            ^
compilation terminated.
configure:3207: $? = 1
configure: failed program was:
| /* confdefs.h */
| #define PACKAGE_NAME ""
| #define PACKAGE_TARNAME ""
| #define PACKAGE_VERSION ""
| #define PACKAGE_STRING ""
| #define PACKAGE_BUGREPORT ""
| #define PACKAGE_URL ""
| /* end confdefs.h.  */
| #include <ac_nonexistent.h>
configure:3232: result: cc -E
configure:3252: cc -E  conftest.c
configure:3252: $? = 0
configure:3266: cc -E  conftest.c
conftest.c:9:28: fatal error: ac_nonexistent.h: No such file or directory
 #include <ac_nonexistent.h>
                            ^
compilation terminated.
configure:3266: $? = 1
configure: failed program was:
| /* confdefs.h */
| #define PACKAGE_NAME ""
| #define PACKAGE_TARNAME ""
| #define PACKAGE_VERSION ""
| #define PACKAGE_STRING ""
| #define PACKAGE_BUGREPORT ""
| #define PACKAGE_URL ""
| /* end confdefs.h.  */
| #include <ac_nonexistent.h>
configure:3297: checking for icc
configure:3306: result: no
configure:3320: checking for suncc
configure:3329: result: no
configure:3347: checking whether cc understands -c and -o together
configure:3375: cc -c conftest.c -o conftest2.o >&5
configure:3379: $? = 0
configure:3385: cc -c conftest.c -o conftest2.o >&5
configure:3389: $? = 0
configure:3444: result: yes
configure:3458: checking for system library directory
configure:3473: result: lib
configure:3480: checking if compiler supports -R
configure:3499: cc -o conftest -g -O2   conftest.c -R /usr/lib  >&5
cc: error: unrecognized command line option '-R'
configure:3499: $? = 1
configure: failed program was:
| /* confdefs.h */
| #define PACKAGE_NAME ""
| #define PACKAGE_TARNAME ""
| #define PACKAGE_VERSION ""
| #define PACKAGE_STRING ""
| #define PACKAGE_BUGREPORT ""
| #define PACKAGE_URL ""
| /* end confdefs.h.  */
| 
| int
| main ()
| {
| 
|   ;
|   return 0;
| }
configure:3509: result: no
configure:3514: checking if compiler supports -Wl,-rpath,
configure:3533: cc -o conftest -g -O2   conftest.c -Wl,-rpath,/usr/lib  >&5
configure:3533: $? = 0
configure:3543: result: yes
configure:3588: checking build system type
configure:3602: result: x86_64-unknown-linux-gnu
configure:3622: checking host system type
configure:3635: result: x86_64-unknown-linux-gnu
configure:3655: checking target system type
configure:3668: result: x86_64-unknown-linux-gnu
configure:3771: checking for PHP prefix
configure:3773: result: /opt/php5
configure:3775: checking for PHP includes
configure:3777: result: -I/opt/php5/include/php -I/opt/php5/include/php/main -I/opt/php5/include/php/TSRM -I/opt/php5/include/php/Zend -I/opt/php5/include/php/ext -I/opt/php5/include/php/ext/date/lib
configure:3779: checking for PHP extension directory
configure:3781: result: /opt/php5/lib/php/extensions/debug-non-zts-20121212
configure:3783: checking for PHP installed headers prefix
configure:3785: result: /opt/php5/include/php
configure:3788: checking if debug is enabled
configure:3814: result: yes
configure:3817: checking if zts is enabled
configure:3843: result: yes
configure:3914: checking for re2c
configure:3944: result: no
configure:3969: WARNING: You will need re2c 0.13.4 or later if you want to regenerate PHP parsers.
configure:3983: checking for gawk
configure:4000: found /usr/bin/gawk
configure:4011: result: gawk
configure:4059: checking whether to enable mydebug support
configure:4098: result: yes, shared
configure:4510: checking for ld used by cc
configure:4577: result: /usr/bin/ld
configure:4584: checking if the linker (/usr/bin/ld) is GNU ld
configure:4599: result: yes
configure:4604: checking for /usr/bin/ld option to reload object files
configure:4611: result: -r
configure:4629: checking for BSD-compatible nm
configure:4678: result: /usr/bin/nm -B
configure:4682: checking whether ln -s works
configure:4686: result: yes
configure:4693: checking how to recognize dependent libraries
configure:4879: result: pass_all
configure:4964: cc -c -g  -O0  conftest.c >&5
configure:4967: $? = 0
configure:5097: checking for ANSI C header files
configure:5117: cc -c -g  -O0  conftest.c >&5
configure:5117: $? = 0
configure:5190: cc -o conftest -g  -O0   conftest.c  >&5
configure:5190: $? = 0
configure:5190: ./conftest
configure:5190: $? = 0
configure:5201: result: yes
configure:5214: checking for sys/types.h
configure:5214: cc -c -g  -O0  conftest.c >&5
configure:5214: $? = 0
configure:5214: result: yes
configure:5214: checking for sys/stat.h
configure:5214: cc -c -g  -O0  conftest.c >&5
configure:5214: $? = 0
configure:5214: result: yes
configure:5214: checking for stdlib.h
configure:5214: cc -c -g  -O0  conftest.c >&5
configure:5214: $? = 0
configure:5214: result: yes
configure:5214: checking for string.h
configure:5214: cc -c -g  -O0  conftest.c >&5
configure:5214: $? = 0
configure:5214: result: yes
configure:5214: checking for memory.h
configure:5214: cc -c -g  -O0  conftest.c >&5
configure:5214: $? = 0
configure:5214: result: yes
configure:5214: checking for strings.h
configure:5214: cc -c -g  -O0  conftest.c >&5
configure:5214: $? = 0
configure:5214: result: yes
configure:5214: checking for inttypes.h
configure:5214: cc -c -g  -O0  conftest.c >&5
configure:5214: $? = 0
configure:5214: result: yes
configure:5214: checking for stdint.h
configure:5214: cc -c -g  -O0  conftest.c >&5
configure:5214: $? = 0
configure:5214: result: yes
configure:5214: checking for unistd.h
configure:5214: cc -c -g  -O0  conftest.c >&5
configure:5214: $? = 0
configure:5214: result: yes
configure:5228: checking dlfcn.h usability
configure:5228: cc -c -g  -O0  conftest.c >&5
configure:5228: $? = 0
configure:5228: result: yes
configure:5228: checking dlfcn.h presence
configure:5228: cc -E  conftest.c
configure:5228: $? = 0
configure:5228: result: yes
configure:5228: checking for dlfcn.h
configure:5228: result: yes
configure:5250: checking the maximum length of command line arguments
configure:5362: result: 1572864
configure:5374: checking command to parse /usr/bin/nm -B output from cc object
configure:5479: cc -c -g  -O0  conftest.c >&5
configure:5482: $? = 0
configure:5486: /usr/bin/nm -B conftest.o \| sed -n -e 's/^.*[ 	]\([ABCDGIRSTW][ABCDGIRSTW]*\)[ 	][ 	]*\([_A-Za-z][_A-Za-z0-9]*\)$/\1 \2 \2/p' \> conftest.nm
configure:5489: $? = 0
configure:5541: cc -o conftest -g  -O0   conftest.c conftstm.o >&5
configure:5544: $? = 0
configure:5582: result: ok
configure:5586: checking for objdir
configure:5601: result: .libs
configure:5693: checking for ar
configure:5709: found /usr/bin/ar
configure:5720: result: ar
configure:5785: checking for ranlib
configure:5801: found /usr/bin/ranlib
configure:5812: result: ranlib
configure:5877: checking for strip
configure:5893: found /usr/bin/strip
configure:5904: result: strip
configure:6473: checking if cc supports -fno-rtti -fno-exceptions
configure:6491: cc -c -g  -O0  -fno-rtti -fno-exceptions conftest.c >&5
cc1: warning: command line option '-fno-rtti' is valid for C++/ObjC++ but not for C
configure:6495: $? = 0
configure:6508: result: no
configure:6523: checking for cc option to produce PIC
configure:6763: result: -fPIC
configure:6771: checking if cc PIC flag -fPIC works
configure:6789: cc -c -g  -O0  -fPIC -DPIC conftest.c >&5
configure:6793: $? = 0
configure:6806: result: yes
configure:6834: checking if cc static flag -static works
configure:6862: result: no
configure:6872: checking if cc supports -c -o file.o
configure:6893: cc -c -g  -O0  -o out/conftest2.o conftest.c >&5
configure:6897: $? = 0
configure:6919: result: yes
configure:6945: checking whether the cc linker (/usr/bin/ld -m elf_x86_64) supports shared libraries
configure:7873: result: yes
configure:7894: checking whether -lc should be explicitly linked in
configure:7899: cc -c -g  -O0  conftest.c >&5
configure:7902: $? = 0
configure:7917: cc -shared conftest.o  -v -Wl,-soname -Wl,conftest -o conftest 2\>\&1 \| grep  -lc  \>/dev/null 2\>\&1
configure:7920: $? = 0
configure:7932: result: no
configure:7940: checking dynamic linker characteristics
configure:8538: result: GNU/Linux ld.so
configure:8562: checking how to hardcode library paths into programs
configure:8587: result: immediate
configure:8601: checking whether stripping libraries is possible
configure:8606: result: yes
configure:9123: checking if libtool supports shared libraries
configure:9125: result: yes
configure:9128: checking whether to build shared libraries
configure:9149: result: yes
configure:9152: checking whether to build static libraries
configure:9156: result: no
configure:9251: result:
creating libtool
configure:12950: creating ./config.status

## ---------------------- ##
## Running config.status. ##
## ---------------------- ##

This file was extended by config.status, which was
generated by GNU Autoconf 2.69.  Invocation command line was

  CONFIG_FILES    = 
  CONFIG_HEADERS  = 
  CONFIG_LINKS    = 
  CONFIG_COMMANDS = 
  $ ./config.status 

on localhost.localdomain

config.status:676: creating config.h

## ---------------- ##
## Cache variables. ##
## ---------------- ##

ac_cv_build=x86_64-unknown-linux-gnu
ac_cv_c_compiler_gnu=yes
ac_cv_env_CC_set=
ac_cv_env_CC_value=
ac_cv_env_CFLAGS_set=
ac_cv_env_CFLAGS_value=
ac_cv_env_CPPFLAGS_set=
ac_cv_env_CPPFLAGS_value=
ac_cv_env_CPP_set=
ac_cv_env_CPP_value=
ac_cv_env_LDFLAGS_set=
ac_cv_env_LDFLAGS_value=
ac_cv_env_LIBS_set=
ac_cv_env_LIBS_value=
ac_cv_env_build_alias_set=
ac_cv_env_build_alias_value=
ac_cv_env_host_alias_set=
ac_cv_env_host_alias_value=
ac_cv_env_target_alias_set=
ac_cv_env_target_alias_value=
ac_cv_header_dlfcn_h=yes
ac_cv_header_inttypes_h=yes
ac_cv_header_memory_h=yes
ac_cv_header_stdc=yes
ac_cv_header_stdint_h=yes
ac_cv_header_stdlib_h=yes
ac_cv_header_string_h=yes
ac_cv_header_strings_h=yes
ac_cv_header_sys_stat_h=yes
ac_cv_header_sys_types_h=yes
ac_cv_header_unistd_h=yes
ac_cv_host=x86_64-unknown-linux-gnu
ac_cv_objext=o
ac_cv_path_EGREP='/usr/bin/grep -E'
ac_cv_path_GREP=/usr/bin/grep
ac_cv_prog_AWK=gawk
ac_cv_prog_CPP='cc -E'
ac_cv_prog_ac_ct_AR=ar
ac_cv_prog_ac_ct_CC=cc
ac_cv_prog_ac_ct_RANLIB=ranlib
ac_cv_prog_ac_ct_STRIP=strip
ac_cv_prog_cc_c89=
ac_cv_prog_cc_cc_c_o=yes
ac_cv_prog_cc_g=yes
ac_cv_target=x86_64-unknown-linux-gnu
lt_cv_deplibs_check_method=pass_all
lt_cv_file_magic_cmd='$MAGIC_CMD'
lt_cv_file_magic_test_file=
lt_cv_ld_reload_flag=-r
lt_cv_objdir=.libs
lt_cv_path_LD=/usr/bin/ld
lt_cv_path_NM='/usr/bin/nm -B'
lt_cv_path_SED=/usr/bin/sed
lt_cv_prog_compiler_c_o=yes
lt_cv_prog_compiler_pic_works=yes
lt_cv_prog_compiler_rtti_exceptions=no
lt_cv_prog_compiler_static_works=no
lt_cv_prog_gnu_ld=yes
lt_cv_sys_global_symbol_pipe='sed -n -e '\''s/^.*[ 	]\([ABCDGIRSTW][ABCDGIRSTW]*\)[ 	][ 	]*\([_A-Za-z][_A-Za-z0-9]*\)$/\1 \2 \2/p'\'''
lt_cv_sys_global_symbol_to_c_name_address='sed -n -e '\''s/^: \([^ ]*\) $/  {\"\1\", (lt_ptr) 0},/p'\'' -e '\''s/^[BCDEGRST] \([^ ]*\) \([^ ]*\)$/  {"\2", (lt_ptr) \&\2},/p'\'''
lt_cv_sys_global_symbol_to_cdecl='sed -n -e '\''s/^. .* \(.*\)$/extern int \1;/p'\'''
lt_cv_sys_lib_dlsearch_path_spec='/lib /usr/lib /usr/lib64/atlas /usr/lib64/iscsi /usr/lib64/llvm /usr/lib64/llvm34 /usr/lib64/mysql /usr/lib64/qt-3.3/lib /usr/lib64/tcl8.6 '
lt_cv_sys_lib_search_path_spec='/usr/lib/gcc/x86_64-redhat-linux/4.9.2 /usr/lib64 /lib64'
lt_cv_sys_max_cmd_len=1572864
lt_lt_cv_prog_compiler_c_o='"yes"'
lt_lt_cv_sys_global_symbol_pipe='"sed -n -e '\''s/^.*[ 	]\\([ABCDGIRSTW][ABCDGIRSTW]*\\)[ 	][ 	]*\\([_A-Za-z][_A-Za-z0-9]*\\)\$/\\1 \\2 \\2/p'\''"'
lt_lt_cv_sys_global_symbol_to_c_name_address='"sed -n -e '\''s/^: \\([^ ]*\\) \$/  {\\\"\\1\\\", (lt_ptr) 0},/p'\'' -e '\''s/^[BCDEGRST] \\([^ ]*\\) \\([^ ]*\\)\$/  {\"\\2\", (lt_ptr) \\&\\2},/p'\''"'
lt_lt_cv_sys_global_symbol_to_cdecl='"sed -n -e '\''s/^. .* \\(.*\\)\$/extern int \\1;/p'\''"'
php_cv_cc_dashr=no
php_cv_cc_rpath=yes

## ----------------- ##
## Output variables. ##
## ----------------- ##

AR='ar'
AWK='gawk'
CC='cc'
CFLAGS='-g  -O0'
CONFIGURE_COMMAND=' '\''./configure'\''  '\''--with-php-config=/opt/php5/bin/php-config'\'' '\''--enable-debug'\'''
CONFIGURE_OPTIONS=' '\''--with-php-config=/opt/php5/bin/php-config'\'' '\''--enable-debug'\'''
CPP='cc -E'
CPPFLAGS=' -DHAVE_CONFIG_H'
DEFS='-DHAVE_CONFIG_H'
DSYMUTIL=''
ECHO='echo'
ECHO_C=''
ECHO_N='-n'
ECHO_T=''
EGREP='/usr/bin/grep -E'
EXEEXT=''
GREP='/usr/bin/grep'
LDFLAGS=''
LIBOBJS=''
LIBS=''
LIBTOOL='$(SHELL) $(top_builddir)/libtool'
LN_S='ln -s'
LTLIBOBJS=''
NMEDIT=''
OBJEXT='o'
PACKAGE_BUGREPORT=''
PACKAGE_NAME=''
PACKAGE_STRING=''
PACKAGE_TARNAME=''
PACKAGE_URL=''
PACKAGE_VERSION=''
PATH_SEPARATOR=':'
RANLIB='ranlib'
RE2C='exit 0;'
SED='/usr/bin/sed'
SHELL='/bin/sh'
SHLIB_DL_SUFFIX_NAME='so'
SHLIB_SUFFIX_NAME='so'
STRIP='strip'
ac_ct_CC='cc'
bindir='${exec_prefix}/bin'
build='x86_64-unknown-linux-gnu'
build_alias=''
build_cpu='x86_64'
build_os='linux-gnu'
build_vendor='unknown'
datadir='${datarootdir}'
datarootdir='${prefix}/share'
docdir='${datarootdir}/doc/${PACKAGE}'
dvidir='${docdir}'
exec_prefix='$(prefix)'
host='x86_64-unknown-linux-gnu'
host_alias='x86_64-unknown-linux-gnu'
host_cpu='x86_64'
host_os='linux-gnu'
host_vendor='unknown'
htmldir='${docdir}'
includedir='${prefix}/include'
infodir='${datarootdir}/info'
libdir='${exec_prefix}/lib'
libexecdir='${exec_prefix}/libexec'
localedir='${datarootdir}/locale'
localstatedir='${prefix}/var'
mandir='${datarootdir}/man'
oldincludedir='/usr/include'
pdfdir='${docdir}'
prefix='/opt/php5'
program_transform_name='s,x,x,'
psdir='${docdir}'
sbindir='${exec_prefix}/sbin'
sharedstatedir='${prefix}/com'
sysconfdir='${prefix}/etc'
target='x86_64-unknown-linux-gnu'
target_alias=''
target_cpu='x86_64'
target_os='linux-gnu'
target_vendor='unknown'

## ----------- ##
## confdefs.h. ##
## ----------- ##

/* confdefs.h */
#define PACKAGE_NAME ""
#define PACKAGE_TARNAME ""
#define PACKAGE_VERSION ""
#define PACKAGE_STRING ""
#define PACKAGE_BUGREPORT ""
#define PACKAGE_URL ""
#define COMPILE_DL_MYDEBUG 1
#define STDC_HEADERS 1
#define HAVE_SYS_TYPES_H 1
#define HAVE_SYS_STAT_H 1
#define HAVE_STDLIB_H 1
#define HAVE_STRING_H 1
#define HAVE_MEMORY_H 1
#define HAVE_STRINGS_H 1
#define HAVE_INTTYPES_H 1
#define HAVE_STDINT_H 1
#define HAVE_UNISTD_H 1
#define HAVE_DLFCN_H 1

configure: exit 0
